2020-06-28 11:53:56.365 [WARN ] org.springframework.web.servlet.handler.AbstractHandlerExceptionResolver.logException - Resolved [org.springframework.http.converter.HttpMessageNotReadableException: Required request body is missing: public com.liuyang.springcloud.common.CommonResult<java.lang.Integer> com.liuyang.springcloud.controller.PaymentController.create(com.liuyang.springcloud.entities.Payment)]
2020-06-28 11:55:36.880 [WARN ] org.springframework.web.servlet.handler.AbstractHandlerExceptionResolver.logException - Resolved [org.springframework.http.converter.HttpMessageNotReadableException: Required request body is missing: public com.liuyang.springcloud.common.CommonResult<java.lang.Integer> com.liuyang.springcloud.controller.PaymentController.create(com.liuyang.springcloud.entities.Payment)]
2020-06-28 11:59:21.063 [WARN ] org.mybatis.logging.Logger.warn - No MyBatis mapper was found in '[com.liuyang.springcloud]' package. Please check your configuration.
2020-06-28 11:59:57.971 [WARN ] org.springframework.web.servlet.handler.AbstractHandlerExceptionResolver.logException - Resolved [org.springframework.web.HttpMediaTypeNotSupportedException: Content type 'multipart/form-data;boundary=--------------------------186703220153915817697868;charset=UTF-8' not supported]
2020-06-28 12:00:12.649 [WARN ] org.springframework.web.servlet.handler.AbstractHandlerExceptionResolver.logException - Resolved [org.springframework.web.HttpMediaTypeNotSupportedException: Content type 'multipart/form-data;boundary=--------------------------639786627022101270700108;charset=UTF-8' not supported]
2020-06-28 12:00:28.952 [WARN ] org.springframework.web.servlet.handler.AbstractHandlerExceptionResolver.logException - Resolved [org.springframework.web.HttpMediaTypeNotSupportedException: Content type 'application/x-www-form-urlencoded;charset=UTF-8' not supported]
2020-06-28 12:01:11.634 [WARN ] org.springframework.web.servlet.handler.AbstractHandlerExceptionResolver.logException - Resolved [org.springframework.web.HttpMediaTypeNotSupportedException: Content type 'text/plain;charset=UTF-8' not supported]
2020-06-28 12:27:17.795 [WARN ] org.mybatis.logging.Logger.warn - No MyBatis mapper was found in '[com.liuyang.springcloud]' package. Please check your configuration.
2020-06-28 12:27:18.904 [WARN ] org.apache.juli.logging.DirectJDKLog.log - The web application [ROOT] appears to have started a thread named [Abandoned connection cleanup thread] but has failed to stop it. This is very likely to create a memory leak. Stack trace of thread:
 java.lang.Object.wait(Native Method)
 java.lang.ref.ReferenceQueue.remove(ReferenceQueue.java:144)
 com.mysql.jdbc.AbandonedConnectionCleanupThread.run(AbandonedConnectionCleanupThread.java:40)
2020-06-28 12:27:18.906 [WARN ] org.springframework.context.support.AbstractApplicationContext.refresh - Exception encountered during context initialization - cancelling refresh attempt: org.springframework.context.ApplicationContextException: Unable to start web server; nested exception is org.springframework.boot.web.server.WebServerException: Unable to start embedded Tomcat
2020-06-28 12:30:19.906 [WARN ] org.mybatis.logging.Logger.warn - No MyBatis mapper was found in '[com.liuyang.springcloud]' package. Please check your configuration.
2020-06-28 12:30:22.478 [WARN ] org.apache.juli.logging.DirectJDKLog.log - The web application [ROOT] appears to have started a thread named [Abandoned connection cleanup thread] but has failed to stop it. This is very likely to create a memory leak. Stack trace of thread:
 java.lang.Object.wait(Native Method)
 java.lang.ref.ReferenceQueue.remove(ReferenceQueue.java:144)
 com.mysql.jdbc.AbandonedConnectionCleanupThread.run(AbandonedConnectionCleanupThread.java:40)
2020-06-28 12:30:22.483 [WARN ] org.springframework.context.support.AbstractApplicationContext.__refresh - Exception encountered during context initialization - cancelling refresh attempt: org.springframework.context.ApplicationContextException: Unable to start web server; nested exception is org.springframework.boot.web.server.WebServerException: Unable to start embedded Tomcat
2020-06-28 12:31:26.938 [WARN ] org.mybatis.logging.Logger.warn - No MyBatis mapper was found in '[com.liuyang.springcloud]' package. Please check your configuration.
2020-06-28 12:31:29.534 [WARN ] org.apache.juli.logging.DirectJDKLog.log - The web application [ROOT] appears to have started a thread named [Abandoned connection cleanup thread] but has failed to stop it. This is very likely to create a memory leak. Stack trace of thread:
 java.lang.Object.wait(Native Method)
 java.lang.ref.ReferenceQueue.remove(ReferenceQueue.java:144)
 com.mysql.jdbc.AbandonedConnectionCleanupThread.run(AbandonedConnectionCleanupThread.java:40)
2020-06-28 12:31:29.539 [WARN ] org.springframework.context.support.AbstractApplicationContext.__refresh - Exception encountered during context initialization - cancelling refresh attempt: org.springframework.context.ApplicationContextException: Unable to start web server; nested exception is org.springframework.boot.web.server.WebServerException: Unable to start embedded Tomcat
2020-06-28 12:32:19.703 [WARN ] org.mybatis.logging.Logger.warn - No MyBatis mapper was found in '[com.liuyang.springcloud]' package. Please check your configuration.
2020-06-28 12:32:22.310 [WARN ] org.apache.juli.logging.DirectJDKLog.log - The web application [ROOT] appears to have started a thread named [Abandoned connection cleanup thread] but has failed to stop it. This is very likely to create a memory leak. Stack trace of thread:
 java.lang.Object.wait(Native Method)
 java.lang.ref.ReferenceQueue.remove(ReferenceQueue.java:144)
 com.mysql.jdbc.AbandonedConnectionCleanupThread.run(AbandonedConnectionCleanupThread.java:40)
2020-06-28 12:32:22.315 [WARN ] org.springframework.context.support.AbstractApplicationContext.__refresh - Exception encountered during context initialization - cancelling refresh attempt: org.springframework.context.ApplicationContextException: Unable to start web server; nested exception is org.springframework.boot.web.server.WebServerException: Unable to start embedded Tomcat
2020-06-28 13:02:22.700 [WARN ] org.mybatis.logging.Logger.warn - No MyBatis mapper was found in '[com.liuyang.springcloud]' package. Please check your configuration.
2020-06-28 13:02:25.324 [WARN ] org.apache.juli.logging.DirectJDKLog.log - The web application [ROOT] appears to have started a thread named [Abandoned connection cleanup thread] but has failed to stop it. This is very likely to create a memory leak. Stack trace of thread:
 java.lang.Object.wait(Native Method)
 java.lang.ref.ReferenceQueue.remove(ReferenceQueue.java:144)
 com.mysql.jdbc.AbandonedConnectionCleanupThread.run(AbandonedConnectionCleanupThread.java:40)
2020-06-28 13:02:25.328 [WARN ] org.springframework.context.support.AbstractApplicationContext.__refresh - Exception encountered during context initialization - cancelling refresh attempt: org.springframework.context.ApplicationContextException: Unable to start web server; nested exception is org.springframework.boot.web.server.WebServerException: Unable to start embedded Tomcat
2020-06-28 13:05:00.138 [WARN ] org.mybatis.logging.Logger.warn - No MyBatis mapper was found in '[com.liuyang.springcloud]' package. Please check your configuration.
2020-06-28 13:05:55.036 [WARN ] org.springframework.boot.devtools.autoconfigure.OptionalLiveReloadServer.startServer - Unable to start LiveReload server
2020-06-28 13:08:41.029 [WARN ] org.springframework.boot.devtools.autoconfigure.OptionalLiveReloadServer.startServer - Unable to start LiveReload server
2020-06-28 13:08:58.640 [WARN ] org.springframework.web.servlet.handler.AbstractHandlerExceptionResolver.logException - Resolved [org.springframework.web.HttpRequestMethodNotSupportedException: Request method 'GET' not supported]
2020-06-28 13:09:02.909 [WARN ] org.springframework.web.servlet.handler.AbstractHandlerExceptionResolver.logException - Resolved [org.springframework.http.converter.HttpMessageNotReadableException: Required request body is missing: public com.liuyang.springcloud.common.CommonResult com.liuyang.springcloud.controller.OrderController.create(com.liuyang.springcloud.entities.Payment)]
2020-06-28 17:08:21.312 [WARN ] org.springframework.boot.devtools.autoconfigure.OptionalLiveReloadServer.startServer - Unable to start LiveReload server
2020-06-28 17:09:10.131 [WARN ] org.springframework.web.servlet.handler.AbstractHandlerExceptionResolver.logException - Resolved [org.springframework.http.converter.HttpMessageNotReadableException: Required request body is missing: public com.liuyang.springcloud.common.CommonResult com.liuyang.springcloud.controller.OrderController.create(com.liuyang.springcloud.entities.Payment)]
2020-06-28 17:09:21.851 [WARN ] org.springframework.web.servlet.handler.AbstractHandlerExceptionResolver.logException - Resolved [org.springframework.web.bind.MissingServletRequestParameterException: Required Long parameter 'id' is not present]
2020-06-28 17:10:00.122 [WARN ] org.springframework.web.servlet.handler.AbstractHandlerExceptionResolver.logException - Resolved [org.springframework.web.bind.MissingServletRequestParameterException: Required Long parameter 'id' is not present]
2020-06-28 17:10:07.554 [WARN ] org.springframework.web.servlet.handler.AbstractHandlerExceptionResolver.logException - Resolved [org.springframework.web.bind.MissingServletRequestParameterException: Required Long parameter 'id' is not present]
2020-06-28 17:10:23.934 [WARN ] org.springframework.web.servlet.handler.AbstractHandlerExceptionResolver.logException - Resolved [org.springframework.web.bind.MissingServletRequestParameterException: Required Long parameter 'id' is not present]
2020-06-28 17:15:17.859 [WARN ] org.mybatis.logging.Logger.warn - No MyBatis mapper was found in '[com.liuyang.springcloud]' package. Please check your configuration.
2020-06-28 17:18:12.106 [WARN ] org.springframework.boot.devtools.autoconfigure.OptionalLiveReloadServer.startServer - Unable to start LiveReload server
2020-06-28 17:20:50.199 [WARN ] org.mybatis.logging.Logger.warn - No MyBatis mapper was found in '[com.liuyang.springcloud]' package. Please check your configuration.
2020-06-28 17:21:56.658 [WARN ] org.springframework.boot.devtools.autoconfigure.OptionalLiveReloadServer.startServer - Unable to start LiveReload server
2020-06-28 17:26:03.263 [WARN ] org.mybatis.logging.Logger.warn - No MyBatis mapper was found in '[com.liuyang.springcloud]' package. Please check your configuration.
2020-06-28 17:26:32.410 [WARN ] org.springframework.web.servlet.handler.AbstractHandlerExceptionResolver.logException - Resolved [org.springframework.web.HttpRequestMethodNotSupportedException: Request method 'GET' not supported]
2020-06-28 17:28:56.916 [WARN ] org.springframework.boot.devtools.autoconfigure.OptionalLiveReloadServer.startServer - Unable to start LiveReload server
2020-06-28 17:33:12.329 [WARN ] org.springframework.boot.devtools.autoconfigure.OptionalLiveReloadServer.startServer - Unable to start LiveReload server
2020-06-28 17:34:55.518 [WARN ] org.springframework.web.servlet.handler.AbstractHandlerExceptionResolver.logException - Resolved [org.springframework.web.bind.MissingServletRequestParameterException: Required Long parameter 'id' is not present]
2020-06-28 17:35:19.376 [WARN ] org.springframework.web.servlet.handler.AbstractHandlerExceptionResolver.logException - Resolved [org.springframework.web.bind.MissingServletRequestParameterException: Required Long parameter 'id' is not present]
2020-06-28 17:39:37.200 [WARN ] org.mybatis.logging.Logger.warn - No MyBatis mapper was found in '[com.liuyang.springcloud]' package. Please check your configuration.
2020-06-28 17:40:05.357 [WARN ] org.springframework.web.servlet.handler.AbstractHandlerExceptionResolver.logException - Resolved [org.springframework.web.HttpRequestMethodNotSupportedException: Request method 'POST' not supported]
2020-06-28 17:44:41.951 [WARN ] org.springframework.boot.devtools.autoconfigure.OptionalLiveReloadServer.startServer - Unable to start LiveReload server
2020-06-28 17:45:57.208 [WARN ] org.springframework.boot.devtools.autoconfigure.OptionalLiveReloadServer.startServer - Unable to start LiveReload server
2020-06-28 17:46:09.773 [WARN ] org.springframework.web.servlet.handler.AbstractHandlerExceptionResolver.logException - Resolved [org.springframework.web.HttpRequestMethodNotSupportedException: Request method 'GET' not supported]
2020-06-28 17:46:11.796 [WARN ] org.mybatis.logging.Logger.warn - No MyBatis mapper was found in '[com.liuyang.springcloud]' package. Please check your configuration.
2020-06-28 17:47:14.430 [WARN ] org.springframework.boot.devtools.autoconfigure.OptionalLiveReloadServer.startServer - Unable to start LiveReload server
2020-06-28 17:47:30.630 [WARN ] org.springframework.web.servlet.handler.AbstractHandlerExceptionResolver.logException - Resolved [org.springframework.http.converter.HttpMessageNotReadableException: Required request body is missing: public com.liuyang.springcloud.common.CommonResult<java.lang.Integer> com.liuyang.springcloud.controller.OrderController.create(com.liuyang.springcloud.entities.Payment)]
2020-06-28 17:47:44.490 [WARN ] org.springframework.web.servlet.handler.AbstractHandlerExceptionResolver.logException - Resolved [org.springframework.http.converter.HttpMessageNotReadableException: Required request body is missing: public com.liuyang.springcloud.common.CommonResult<java.lang.Integer> com.liuyang.springcloud.controller.OrderController.create(com.liuyang.springcloud.entities.Payment)]
2020-06-28 17:47:49.621 [WARN ] org.springframework.web.servlet.handler.AbstractHandlerExceptionResolver.logException - Resolved [org.springframework.http.converter.HttpMessageNotReadableException: Required request body is missing: public com.liuyang.springcloud.common.CommonResult<java.lang.Integer> com.liuyang.springcloud.controller.OrderController.create(com.liuyang.springcloud.entities.Payment)]
2020-06-28 17:49:54.864 [WARN ] org.springframework.web.servlet.handler.AbstractHandlerExceptionResolver.logException - Resolved [org.springframework.http.converter.HttpMessageNotReadableException: Required request body is missing: public com.liuyang.springcloud.common.CommonResult<java.lang.Integer> com.liuyang.springcloud.controller.OrderController.create(com.liuyang.springcloud.entities.Payment)]
2020-06-28 17:50:03.790 [WARN ] org.springframework.web.servlet.handler.AbstractHandlerExceptionResolver.logException - Resolved [org.springframework.http.converter.HttpMessageNotReadableException: Required request body is missing: public com.liuyang.springcloud.common.CommonResult<java.lang.Integer> com.liuyang.springcloud.controller.OrderController.create(com.liuyang.springcloud.entities.Payment)]
2020-06-28 17:50:05.208 [WARN ] org.springframework.web.servlet.handler.AbstractHandlerExceptionResolver.logException - Resolved [org.springframework.http.converter.HttpMessageNotReadableException: Required request body is missing: public com.liuyang.springcloud.common.CommonResult<java.lang.Integer> com.liuyang.springcloud.controller.OrderController.create(com.liuyang.springcloud.entities.Payment)]
2020-06-28 17:50:05.814 [WARN ] org.springframework.web.servlet.handler.AbstractHandlerExceptionResolver.logException - Resolved [org.springframework.http.converter.HttpMessageNotReadableException: Required request body is missing: public com.liuyang.springcloud.common.CommonResult<java.lang.Integer> com.liuyang.springcloud.controller.OrderController.create(com.liuyang.springcloud.entities.Payment)]
2020-06-28 17:50:06.592 [WARN ] org.springframework.web.servlet.handler.AbstractHandlerExceptionResolver.logException - Resolved [org.springframework.http.converter.HttpMessageNotReadableException: Required request body is missing: public com.liuyang.springcloud.common.CommonResult<java.lang.Integer> com.liuyang.springcloud.controller.OrderController.create(com.liuyang.springcloud.entities.Payment)]
2020-06-28 17:50:07.369 [WARN ] org.springframework.web.servlet.handler.AbstractHandlerExceptionResolver.logException - Resolved [org.springframework.http.converter.HttpMessageNotReadableException: Required request body is missing: public com.liuyang.springcloud.common.CommonResult<java.lang.Integer> com.liuyang.springcloud.controller.OrderController.create(com.liuyang.springcloud.entities.Payment)]
2020-06-28 17:50:08.156 [WARN ] org.springframework.web.servlet.handler.AbstractHandlerExceptionResolver.logException - Resolved [org.springframework.http.converter.HttpMessageNotReadableException: Required request body is missing: public com.liuyang.springcloud.common.CommonResult<java.lang.Integer> com.liuyang.springcloud.controller.OrderController.create(com.liuyang.springcloud.entities.Payment)]
2020-06-28 17:50:13.841 [WARN ] org.springframework.web.servlet.handler.AbstractHandlerExceptionResolver.logException - Resolved [org.springframework.http.converter.HttpMessageNotReadableException: Required request body is missing: public com.liuyang.springcloud.common.CommonResult<java.lang.Integer> com.liuyang.springcloud.controller.OrderController.create(com.liuyang.springcloud.entities.Payment)]
2020-06-28 17:51:48.729 [WARN ] org.springframework.web.servlet.handler.AbstractHandlerExceptionResolver.logException - Resolved [org.springframework.http.converter.HttpMessageNotReadableException: Required request body is missing: public com.liuyang.springcloud.common.CommonResult<java.lang.Integer> com.liuyang.springcloud.controller.PaymentController.create(com.liuyang.springcloud.entities.Payment)]
2020-06-28 17:59:58.710 [WARN ] org.springframework.boot.devtools.autoconfigure.OptionalLiveReloadServer.startServer - Unable to start LiveReload server
2020-06-28 18:18:44.045 [WARN ] org.springframework.boot.devtools.autoconfigure.OptionalLiveReloadServer.startServer - Unable to start LiveReload server
